<?xml version="1.0" encoding="UTF-8"?>
<!-- Generated by org.testng.reporters.JUnitXMLReporter -->
<testsuite ignored="2" hostname="WL363801" failures="0" tests="2" name="Test POM" time="4.383" errors="0" timestamp="2020-04-20T09:47:54 CEST">
  <testcase classname="testNG_pom.TestBase" name="f" time="0.011"/>
  <testcase classname="testNG_pom.MainTest" name="f" time="4.309"/>
  <testcase classname="testNG_pom.TestBase" name="@AfterSuite afterSuite" time="0.0">
    <ignored/>
  </testcase> <!-- @AfterSuite afterSuite -->
  <testcase classname="testNG_pom.TestBase" name="@BeforeSuite beforeSuite" time="0.0">
    <ignored/>
  </testcase> <!-- @BeforeSuite beforeSuite -->
</testsuite> <!-- Test POM -->
