<?xml version="1.0" encoding="UTF-8"?>
<!-- Generated by org.testng.reporters.JUnitXMLReporter -->
<testsuite ignored="2" hostname="WL363801" failures="0" tests="2" name="Test Annotations" time="0.107" errors="0" timestamp="2020-04-07T13:18:09 CEST">
  <testcase classname="testNG.TestAnnotations" name="f1" time="0.011"/>
  <testcase classname="testNG.TestAnnotations" name="f3" time="0.008"/>
  <testcase classname="testNG.TestAnnotations" name="f2" time="0.0">
    <ignored/>
  </testcase> <!-- f2 -->
  <testcase classname="testNG.TestAnnotations" name="f4" time="0.0">
    <ignored/>
  </testcase> <!-- f4 -->
</testsuite> <!-- Test Annotations -->
