<?xml version="1.0" encoding="UTF-8"?>
<!-- Generated by org.testng.reporters.JUnitXMLReporter -->
<testsuite ignored="0" hostname="WL363801" failures="0" tests="3" name="Test Dependency" time="15.027" errors="0" timestamp="2020-04-07T13:18:24 CEST">
  <testcase classname="testNG.TestDepWithFace" name="invokeBrowser" time="7.699"/>
  <testcase classname="testNG.TestDepWithFace" name="getTitle" time="0.213"/>
  <testcase classname="testNG.TestDepWithFace" name="searchCourse" time="7.047"/>
</testsuite> <!-- Test Dependency -->
