<?xml version="1.0" encoding="UTF-8"?>
<testng-results ignored="2" total="4" passed="2" failed="0" skipped="0">
  <reporter-output>
  </reporter-output>
  <suite started-at="2020-04-20T09:47:49 CEST" name="TestNG_POM" finished-at="2020-04-20T09:47:54 CEST" duration-ms="4383">
    <groups>
    </groups>
    <test started-at="2020-04-20T09:47:49 CEST" name="Test POM" finished-at="2020-04-20T09:47:54 CEST" duration-ms="4383">
      <class name="testNG_pom.TestBase">
        <test-method is-config="true" signature="beforeSuite()[pri:0, instance:testNG_pom.TestBase@51e5fc98]" started-at="2020-04-20T09:47:41 CEST" name="beforeSuite" finished-at="2020-04-20T09:47:49 CEST" duration-ms="8764" status="PASS">
          <reporter-output>
          </reporter-output>
        </test-method> <!-- beforeSuite -->
        <test-method signature="f()[pri:0, instance:testNG_pom.TestBase@51e5fc98]" started-at="2020-04-20T09:47:49 CEST" name="f" finished-at="2020-04-20T09:47:49 CEST" duration-ms="11" status="PASS">
          <reporter-output>
          </reporter-output>
        </test-method> <!-- f -->
        <test-method is-config="true" signature="afterSuite()[pri:0, instance:testNG_pom.TestBase@51e5fc98]" started-at="2020-04-20T09:47:54 CEST" name="afterSuite" finished-at="2020-04-20T09:47:55 CEST" duration-ms="1418" status="PASS">
          <reporter-output>
          </reporter-output>
        </test-method> <!-- afterSuite -->
      </class> <!-- testNG_pom.TestBase -->
      <class name="testNG_pom.MainTest">
        <test-method signature="f()[pri:0, instance:testNG_pom.MainTest@7c469c48]" started-at="2020-04-20T09:47:49 CEST" name="f" finished-at="2020-04-20T09:47:54 CEST" duration-ms="4309" status="PASS">
          <reporter-output>
          </reporter-output>
        </test-method> <!-- f -->
      </class> <!-- testNG_pom.MainTest -->
    </test> <!-- Test POM -->
  </suite> <!-- TestNG_POM -->
</testng-results>
